<?xml version="1.0" encoding="UTF-8" ?>
<testsuite tests="4" failures="0" name="databasetest.UserDaoTest" time="0.726" errors="0" skipped="0">
  <properties>
[...]
</properties>
  <testcase classname="databasetest.UserDaoTest$users\u306B0\u4EF6\u306E\u30EC\u30B3\u30FC\u30C9\u304C\u3042\u308B\u5834\u5408" name="getList\u30670\u4EF6\u53D6\u5F97\u3067\u304D\u308B\u4E8B" time="0.268"/>
  <testcase classname="databasetest.UserDaoTest$users\u306B0\u4EF6\u306E\u30EC\u30B3\u30FC\u30C9\u304C\u3042\u308B\u5834\u5408" name="insert\u30671\u4EF6\u8FFD\u52A0\u3067\u304D\u308B" time="0.029"/>
  <testcase classname="databasetest.UserDaoTest$users\u306B2\u4EF6\u306E\u30EC\u30B3\u30FC\u30C9\u304C\u3042\u308B\u5834\u5408" name="insert\u30671\u4EF6\u8FFD\u52A0\u3067\u304D\u308B" time="0.024"/>
  <testcase classname="databasetest.UserDaoTest$users\u306B2\u4EF6\u306E\u30EC\u30B3\u30FC\u30C9\u304C\u3042\u308B\u5834\u5408" name="getList\u30672\u4EF6\u53D6\u5F97\u3067\u304D\u308B\u4E8B" time="0.018"/>
</testsuite>